c:\users\q\source\repos\dnfhelper\mfc\arm64\release\mfc.pch
c:\users\q\source\repos\dnfhelper\mfc\arm64\release\vc143.pdb
c:\users\q\source\repos\dnfhelper\mfc\arm64\release\pch.obj
c:\users\q\source\repos\dnfhelper\mfc\arm64\release\mfcdlg.obj
c:\users\q\source\repos\dnfhelper\mfc\arm64\release\mfc.obj
c:\users\q\source\repos\dnfhelper\mfc\arm64\release\helper.obj
c:\users\q\source\repos\dnfhelper\mfc\arm64\release\dmrw.obj
c:\users\q\source\repos\dnfhelper\mfc\arm64\release\dm.obj
c:\users\q\source\repos\dnfhelper\arm64\release\mfc.exe
c:\users\q\source\repos\dnfhelper\arm64\release\mfc.pdb
c:\users\q\source\repos\dnfhelper\mfc\arm64\release\mfc.iobj
c:\users\q\source\repos\dnfhelper\mfc\arm64\release\mfc.res
c:\users\q\source\repos\dnfhelper\mfc\arm64\release\mfc.tlog\cl.command.1.tlog
c:\users\q\source\repos\dnfhelper\mfc\arm64\release\mfc.tlog\cl.items.tlog
c:\users\q\source\repos\dnfhelper\mfc\arm64\release\mfc.tlog\cl.read.1.tlog
c:\users\q\source\repos\dnfhelper\mfc\arm64\release\mfc.tlog\cl.write.1.tlog
c:\users\q\source\repos\dnfhelper\mfc\arm64\release\mfc.tlog\link.command.1.tlog
c:\users\q\source\repos\dnfhelper\mfc\arm64\release\mfc.tlog\link.read.1.tlog
c:\users\q\source\repos\dnfhelper\mfc\arm64\release\mfc.tlog\link.write.1.tlog
c:\users\q\source\repos\dnfhelper\mfc\arm64\release\mfc.tlog\rc.command.1.tlog
c:\users\q\source\repos\dnfhelper\mfc\arm64\release\mfc.tlog\rc.read.1.tlog
c:\users\q\source\repos\dnfhelper\mfc\arm64\release\mfc.tlog\rc.write.1.tlog
